<?xml version="1.0" encoding="UTF-8"?>
<!-- Generated by org.testng.reporters.JUnitReportReporter -->
<testsuite skipped="0" hostname="SRIKANTH-PC" name="tests.AdminLoginTest" tests="1" failures="0" timestamp="30 Nov 2016 22:43:59 GMT" time="3.058" errors="0">
  <testcase name="testAdminLogin" time="3.058" classname="tests.AdminLoginTest"/>
</testsuite> <!-- tests.AdminLoginTest -->
