<?xml version="1.0" encoding="UTF-8"?>
<!-- Generated by org.testng.reporters.JUnitReportReporter -->
<testsuite skipped="0" hostname="SRIKANTH-PC" name="tests.AdminViewfeedback" tests="1" failures="0" timestamp="30 Nov 2016 22:43:59 GMT" time="7.907" errors="0">
  <testcase name="testAdminViewfeedback" time="7.907" classname="tests.AdminViewfeedback"/>
</testsuite> <!-- tests.AdminViewfeedback -->
